# JRE version: Java(TM) SE Runtime Environment (8.0_05-b13) (build 1.8.0_05-b13)
# Java VM: Java HotSpot(TM) 64-Bit Server VM (25.5-b02 mixed mode windows-amd64 compressed oops)
Heap:
 def new generation   total 28992K, used 19445K [0x00000000a2400000, 0x00000000a4370000, 0x00000000c1800000)
  eden space 25792K,  71% used [0x00000000a2400000, 0x00000000a3606e18, 0x00000000a3d30000)
  from space 3200K,  30% used [0x00000000a4050000, 0x00000000a41468c8, 0x00000000a4370000)
  to   space 3200K,   0% used [0x00000000a3d30000, 0x00000000a3d30000, 0x00000000a4050000)
 tenured generation   total 64256K, used 18606K [0x00000000c1800000, 0x00000000c56c0000, 0x0000000100000000)
   the space 64256K,  28% used [0x00000000c1800000, 0x00000000c2a2b8c8, 0x00000000c2a2ba00, 0x00000000c56c0000)
 Metaspace       used 19688K, capacity 20262K, committed 20352K, reserved 1067008K
  class space    used 2266K, capacity 2397K, committed 2432K, reserved 1048576K
GC Heap History (10 events):
Event: 57.151 GC heap before
{Heap before GC invocations=959 (full 0):
 def new generation   total 1152K, used 1137K [0x00000000a2400000, 0x00000000a2540000, 0x00000000c1800000)
  eden space 1024K, 100% used [0x00000000a2400000, 0x00000000a2500000, 0x00000000a2500000)
  from space 128K,  88% used [0x00000000a2520000, 0x00000000a253c570, 0x00000000a2540000)
  to   space 128K,   0% used [0x00000000a2500000, 0x00000000a2500000, 0x00000000a2520000)
 tenured generation   total 64256K, used 64125K [0x00000000c1800000, 0x00000000c56c0000, 0x0000000100000000)
   the space 64256K,  99% used [0x00000000c1800000, 0x00000000c569f710, 0x00000000c569f800, 0x00000000c56c0000)
 Metaspace       used 19003K, capacity 19556K, committed 19840K, reserved 1067008K
  class space    used 2196K, capacity 2322K, committed 2432K, reserved 1048576K
Event: 57.157 GC heap after
Heap after GC invocations=960 (full 0):
 def new generation   total 1152K, used 84K [0x00000000a2400000, 0x00000000a2540000, 0x00000000c1800000)
  eden space 1024K,   0% used [0x00000000a2400000, 0x00000000a2400000, 0x00000000a2500000)
  from space 128K,  66% used [0x00000000a2500000, 0x00000000a2515300, 0x00000000a2520000)
  to   space 128K,   0% used [0x00000000a2520000, 0x00000000a2520000, 0x00000000a2540000)
 tenured generation   total 64256K, used 64140K [0x00000000c1800000, 0x00000000c56c0000, 0x0000000100000000)
   the space 64256K,  99% used [0x00000000c1800000, 0x00000000c56a33d0, 0x00000000c56a3400, 0x00000000c56c0000)
 Metaspace       used 19003K, capacity 19556K, committed 19840K, reserved 1067008K
  class space    used 2196K, capacity 2322K, committed 2432K, reserved 1048576K
}
Event: 57.178 GC heap before
{Heap before GC invocations=960 (full 0):
 def new generation   total 1152K, used 1108K [0x00000000a2400000, 0x00000000a2540000, 0x00000000c1800000)
  eden space 1024K, 100% used [0x00000000a2400000, 0x00000000a2500000, 0x00000000a2500000)
  from space 128K,  66% used [0x00000000a2500000, 0x00000000a2515300, 0x00000000a2520000)
  to   space 128K,   0% used [0x00000000a2520000, 0x00000000a2520000, 0x00000000a2540000)
 tenured generation   total 64256K, used 64140K [0x00000000c1800000, 0x00000000c56c0000, 0x0000000100000000)
   the space 64256K,  99% used [0x00000000c1800000, 0x00000000c56a33d0, 0x00000000c56a3400, 0x00000000c56c0000)
 Metaspace       used 19008K, capacity 19562K, committed 19840K, reserved 1067008K
  class space    used 2196K, capacity 2323K, committed 2432K, reserved 1048576K
Event: 57.183 GC heap after
Heap after GC invocations=961 (full 0):
 def new generation   total 1152K, used 56K [0x00000000a2400000, 0x00000000a2540000, 0x00000000c1800000)
  eden space 1024K,   0% used [0x00000000a2400000, 0x00000000a2400000, 0x00000000a2500000)
  from space 128K,  44% used [0x00000000a2520000, 0x00000000a252e168, 0x00000000a2540000)
  to   space 128K,   0% used [0x00000000a2500000, 0x00000000a2500000, 0x00000000a2520000)
 tenured generation   total 64256K, used 64203K [0x00000000c1800000, 0x00000000c56c0000, 0x0000000100000000)
   the space 64256K,  99% used [0x00000000c1800000, 0x00000000c56b2c20, 0x00000000c56b2e00, 0x00000000c56c0000)
 Metaspace       used 19008K, capacity 19562K, committed 19840K, reserved 1067008K
  class space    used 2196K, capacity 2323K, committed 2432K, reserved 1048576K
}
Event: 57.196 GC heap before
{Heap before GC invocations=961 (full 0):
 def new generation   total 1152K, used 1079K [0x00000000a2400000, 0x00000000a2540000, 0x00000000c1800000)
  eden space 1024K,  99% used [0x00000000a2400000, 0x00000000a24ffda8, 0x00000000a2500000)
  from space 128K,  44% used [0x00000000a2520000, 0x00000000a252e168, 0x00000000a2540000)
  to   space 128K,   0% used [0x00000000a2500000, 0x00000000a2500000, 0x00000000a2520000)
 tenured generation   total 64256K, used 64203K [0x00000000c1800000, 0x00000000c56c0000, 0x0000000100000000)
   the space 64256K,  99% used [0x00000000c1800000, 0x00000000c56b2c20, 0x00000000c56b2e00, 0x00000000c56c0000)
 Metaspace       used 19009K, capacity 19562K, committed 19840K, reserved 1067008K
  class space    used 2196K, capacity 2323K, committed 2432K, reserved 1048576K
Event: 57.200 GC heap after
Heap after GC invocations=962 (full 0):
 def new generation   total 1152K, used 80K [0x00000000a2400000, 0x00000000a2540000, 0x00000000c1800000)
  eden space 1024K,   0% used [0x00000000a2400000, 0x00000000a2400000, 0x00000000a2500000)
  from space 128K,  62% used [0x00000000a2500000, 0x00000000a2514258, 0x00000000a2520000)
  to   space 128K,   0% used [0x00000000a2520000, 0x00000000a2520000, 0x00000000a2540000)
 tenured generation   total 64256K, used 64203K [0x00000000c1800000, 0x00000000c56c0000, 0x0000000100000000)
   the space 64256K,  99% used [0x00000000c1800000, 0x00000000c56b2c20, 0x00000000c56b2e00, 0x00000000c56c0000)
 Metaspace       used 19009K, capacity 19562K, committed 19840K, reserved 1067008K
  class space    used 2196K, capacity 2323K, committed 2432K, reserved 1048576K
}
Event: 57.213 GC heap before
{Heap before GC invocations=962 (full 0):
 def new generation   total 1152K, used 1104K [0x00000000a2400000, 0x00000000a2540000, 0x00000000c1800000)
  eden space 1024K, 100% used [0x00000000a2400000, 0x00000000a2500000, 0x00000000a2500000)
  from space 128K,  62% used [0x00000000a2500000, 0x00000000a2514258, 0x00000000a2520000)
  to   space 128K,   0% used [0x00000000a2520000, 0x00000000a2520000, 0x00000000a2540000)
 tenured generation   total 64256K, used 64203K [0x00000000c1800000, 0x00000000c56c0000, 0x0000000100000000)
   the space 64256K,  99% used [0x00000000c1800000, 0x00000000c56b2c20, 0x00000000c56b2e00, 0x00000000c56c0000)
 Metaspace       used 19010K, capacity 19562K, committed 19840K, reserved 1067008K
  class space    used 2196K, capacity 2323K, committed 2432K, reserved 1048576K
Event: 57.477 GC heap after
Heap after GC invocations=963 (full 1):
 def new generation   total 28992K, used 0K [0x00000000a2400000, 0x00000000a4370000, 0x00000000c1800000)
  eden space 25792K,   0% used [0x00000000a2400000, 0x00000000a2400000, 0x00000000a3d30000)
  from space 3200K,   0% used [0x00000000a3d30000, 0x00000000a3d30000, 0x00000000a4050000)
  to   space 3200K,   0% used [0x00000000a4050000, 0x00000000a4050000, 0x00000000a4370000)
 tenured generation   total 64256K, used 18606K [0x00000000c1800000, 0x00000000c56c0000, 0x0000000100000000)
   the space 64256K,  28% used [0x00000000c1800000, 0x00000000c2a2b8c8, 0x00000000c2a2ba00, 0x00000000c56c0000)
 Metaspace       used 18843K, capacity 19322K, committed 19840K, reserved 1067008K
  class space    used 2179K, capacity 2283K, committed 2432K, reserved 1048576K
}
Event: 61.265 GC heap before
{Heap before GC invocations=963 (full 1):
 def new generation   total 28992K, used 25792K [0x00000000a2400000, 0x00000000a4370000, 0x00000000c1800000)
  eden space 25792K, 100% used [0x00000000a2400000, 0x00000000a3d30000, 0x00000000a3d30000)
  from space 3200K,   0% used [0x00000000a3d30000, 0x00000000a3d30000, 0x00000000a4050000)
  to   space 3200K,   0% used [0x00000000a4050000, 0x00000000a4050000, 0x00000000a4370000)
 tenured generation   total 64256K, used 18606K [0x00000000c1800000, 0x00000000c56c0000, 0x0000000100000000)
   the space 64256K,  28% used [0x00000000c1800000, 0x00000000c2a2b8c8, 0x00000000c2a2ba00, 0x00000000c56c0000)
 Metaspace       used 19188K, capacity 19744K, committed 20096K, reserved 1067008K
  class space    used 2213K, capacity 2332K, committed 2432K, reserved 1048576K
Event: 61.275 GC heap after
Heap after GC invocations=964 (full 1):
 def new generation   total 28992K, used 986K [0x00000000a2400000, 0x00000000a4370000, 0x00000000c1800000)
  eden space 25792K,   0% used [0x00000000a2400000, 0x00000000a2400000, 0x00000000a3d30000)
  from space 3200K,  30% used [0x00000000a4050000, 0x00000000a41468c8, 0x00000000a4370000)
  to   space 3200K,   0% used [0x00000000a3d30000, 0x00000000a3d30000, 0x00000000a4050000)
 tenured generation   total 64256K, used 18606K [0x00000000c1800000, 0x00000000c56c0000, 0x0000000100000000)
   the space 64256K,  28% used [0x00000000c1800000, 0x00000000c2a2b8c8, 0x00000000c2a2ba00, 0x00000000c56c0000)
 Metaspace       used 19188K, capacity 19744K, committed 20096K, reserved 1067008K
  class space    used 2213K, capacity 2332K, committed 2432K, reserved 1048576K
}

